<?xml version="1.0" encoding="UTF-8"?>
<testng-results ignored="0" total="1" passed="1" failed="0" skipped="0">
  <reporter-output>
  </reporter-output>
  <suite started-at="2025-01-30T12:24:56 IST" name="Surefire suite" finished-at="2025-01-30T12:25:15 IST" duration-ms="18265">
    <groups>
    </groups>
    <test started-at="2025-01-30T12:24:56 IST" name="Surefire test" finished-at="2025-01-30T12:25:15 IST" duration-ms="18265">
      <class name="TestClass.TestCasesCheck">
        <test-method is-config="true" signature="BrowserInvoke()[pri:0, instance:TestClass.TestCasesCheck@1151e434]" started-at="2025-01-30T12:24:56 IST" name="BrowserInvoke" finished-at="2025-01-30T12:25:03 IST" duration-ms="6875" status="PASS">
          <reporter-output>
          </reporter-output>
        </test-method> <!-- BrowserInvoke -->
        <test-method signature="CheckTestCases()[pri:0, instance:TestClass.TestCasesCheck@1151e434]" started-at="2025-01-30T12:25:03 IST" name="CheckTestCases" finished-at="2025-01-30T12:25:13 IST" duration-ms="9449" status="PASS">
          <reporter-output>
          </reporter-output>
        </test-method> <!-- CheckTestCases -->
        <test-method is-config="true" signature="TearDown()[pri:0, instance:TestClass.TestCasesCheck@1151e434]" started-at="2025-01-30T12:25:13 IST" name="TearDown" finished-at="2025-01-30T12:25:15 IST" duration-ms="1597" status="PASS">
          <reporter-output>
          </reporter-output>
        </test-method> <!-- TearDown -->
      </class> <!-- TestClass.TestCasesCheck -->
    </test> <!-- Surefire test -->
  </suite> <!-- Surefire suite -->
</testng-results>
